# JRE version: Java(TM) SE Runtime Environment (8.0_45-b14) (build 1.8.0_45-b14)
# Java VM: Java HotSpot(TM) 64-Bit Server VM (25.45-b02 mixed mode linux-amd64 compressed oops)
Heap:
 PSYoungGen      total 656896K, used 262690K [0x000000076cc00000, 0x0000000799480000, 0x00000007c0000000)
  eden space 622080K, 41% used [0x000000076cc00000,0x000000077c908858,0x0000000792b80000)
  from space 34816K, 10% used [0x0000000797280000,0x00000007976002c0,0x0000000799480000)
  to   space 53760K, 0% used [0x0000000792b80000,0x0000000792b80000,0x0000000796000000)
 ParOldGen       total 200704K, used 53138K [0x00000006c6400000, 0x00000006d2800000, 0x000000076cc00000)
  object space 200704K, 26% used [0x00000006c6400000,0x00000006c97e4848,0x00000006d2800000)
 Metaspace       used 64598K, capacity 65698K, committed 65920K, reserved 1107968K
  class space    used 8031K, capacity 8316K, committed 8320K, reserved 1048576K
GC Heap History (10 events):
Event: 22.146 GC heap before
{Heap before GC invocations=11 (full 2):
 PSYoungGen      total 413184K, used 215772K [0x000000076cc00000, 0x000000078e980000, 0x00000007c0000000)
  eden space 377856K, 57% used [0x000000076cc00000,0x0000000779eb73e0,0x0000000783d00000)
  from space 35328K, 0% used [0x0000000787780000,0x0000000787780000,0x0000000789a00000)
  to   space 59904K, 0% used [0x0000000783d00000,0x0000000783d00000,0x0000000787780000)
 ParOldGen       total 223232K, used 92915K [0x00000006c6400000, 0x00000006d3e00000, 0x000000076cc00000)
  object space 223232K, 41% used [0x00000006c6400000,0x00000006cbebcc00,0x00000006d3e00000)
 Metaspace       used 50436K, capacity 51330K, committed 51628K, reserved 1093632K
  class space    used 6282K, capacity 6566K, committed 6656K, reserved 1048576K
Event: 22.224 GC heap after
Heap after GC invocations=11 (full 2):
 PSYoungGen      total 437760K, used 22372K [0x000000076cc00000, 0x0000000794600000, 0x00000007c0000000)
  eden space 377856K, 0% used [0x000000076cc00000,0x000000076cc00000,0x0000000783d00000)
  from space 59904K, 37% used [0x0000000783d00000,0x00000007852d90a8,0x0000000787780000)
  to   space 55808K, 0% used [0x0000000790f80000,0x0000000790f80000,0x0000000794600000)
 ParOldGen       total 223232K, used 92923K [0x00000006c6400000, 0x00000006d3e00000, 0x000000076cc00000)
  object space 223232K, 41% used [0x00000006c6400000,0x00000006cbebec00,0x00000006d3e00000)
 Metaspace       used 50436K, capacity 51330K, committed 51628K, reserved 1093632K
  class space    used 6282K, capacity 6566K, committed 6656K, reserved 1048576K
}
Event: 22.224 GC heap before
{Heap before GC invocations=12 (full 3):
 PSYoungGen      total 437760K, used 22372K [0x000000076cc00000, 0x0000000794600000, 0x00000007c0000000)
  eden space 377856K, 0% used [0x000000076cc00000,0x000000076cc00000,0x0000000783d00000)
  from space 59904K, 37% used [0x0000000783d00000,0x00000007852d90a8,0x0000000787780000)
  to   space 55808K, 0% used [0x0000000790f80000,0x0000000790f80000,0x0000000794600000)
 ParOldGen       total 223232K, used 92923K [0x00000006c6400000, 0x00000006d3e00000, 0x000000076cc00000)
  object space 223232K, 41% used [0x00000006c6400000,0x00000006cbebec00,0x00000006d3e00000)
 Metaspace       used 50436K, capacity 51330K, committed 51628K, reserved 1093632K
  class space    used 6282K, capacity 6566K, committed 6656K, reserved 1048576K
Event: 22.607 GC heap after
Heap after GC invocations=12 (full 3):
 PSYoungGen      total 437760K, used 0K [0x000000076cc00000, 0x0000000794600000, 0x00000007c0000000)
  eden space 377856K, 0% used [0x000000076cc00000,0x000000076cc00000,0x0000000783d00000)
  from space 59904K, 0% used [0x0000000783d00000,0x0000000783d00000,0x0000000787780000)
  to   space 55808K, 0% used [0x0000000790f80000,0x0000000790f80000,0x0000000794600000)
 ParOldGen       total 200704K, used 48018K [0x00000006c6400000, 0x00000006d2800000, 0x000000076cc00000)
  object space 200704K, 23% used [0x00000006c6400000,0x00000006c92e4878,0x00000006d2800000)
 Metaspace       used 50436K, capacity 51330K, committed 51628K, reserved 1093632K
  class space    used 6282K, capacity 6566K, committed 6656K, reserved 1048576K
}
Event: 715.082 GC heap before
{Heap before GC invocations=13 (full 3):
 PSYoungGen      total 437760K, used 377856K [0x000000076cc00000, 0x0000000794600000, 0x00000007c0000000)
  eden space 377856K, 100% used [0x000000076cc00000,0x0000000783d00000,0x0000000783d00000)
  from space 59904K, 0% used [0x0000000783d00000,0x0000000783d00000,0x0000000787780000)
  to   space 55808K, 0% used [0x0000000790f80000,0x0000000790f80000,0x0000000794600000)
 ParOldGen       total 200704K, used 48018K [0x00000006c6400000, 0x00000006d2800000, 0x000000076cc00000)
  object space 200704K, 23% used [0x00000006c6400000,0x00000006c92e4878,0x00000006d2800000)
 Metaspace       used 63170K, capacity 64150K, committed 64640K, reserved 1105920K
  class space    used 7989K, capacity 8256K, committed 8320K, reserved 1048576K
Event: 715.115 GC heap after
Heap after GC invocations=13 (full 3):
 PSYoungGen      total 516608K, used 16182K [0x000000076cc00000, 0x0000000791f80000, 0x00000007c0000000)
  eden space 500224K, 0% used [0x000000076cc00000,0x000000076cc00000,0x000000078b480000)
  from space 16384K, 98% used [0x0000000790f80000,0x0000000791f4d928,0x0000000791f80000)
  to   space 53760K, 0% used [0x000000078b680000,0x000000078b680000,0x000000078eb00000)
 ParOldGen       total 200704K, used 48026K [0x00000006c6400000, 0x00000006d2800000, 0x000000076cc00000)
  object space 200704K, 23% used [0x00000006c6400000,0x00000006c92e6878,0x00000006d2800000)
 Metaspace       used 63170K, capacity 64150K, committed 64640K, reserved 1105920K
  class space    used 7989K, capacity 8256K, committed 8320K, reserved 1048576K
}
Event: 2396.891 GC heap before
{Heap before GC invocations=14 (full 3):
 PSYoungGen      total 516608K, used 516406K [0x000000076cc00000, 0x0000000791f80000, 0x00000007c0000000)
  eden space 500224K, 100% used [0x000000076cc00000,0x000000078b480000,0x000000078b480000)
  from space 16384K, 98% used [0x0000000790f80000,0x0000000791f4d928,0x0000000791f80000)
  to   space 53760K, 0% used [0x000000078b680000,0x000000078b680000,0x000000078eb00000)
 ParOldGen       total 200704K, used 48026K [0x00000006c6400000, 0x00000006d2800000, 0x000000076cc00000)
  object space 200704K, 23% used [0x00000006c6400000,0x00000006c92e6878,0x00000006d2800000)
 Metaspace       used 64199K, capacity 65320K, committed 65664K, reserved 1105920K
  class space    used 8020K, capacity 8307K, committed 8320K, reserved 1048576K
Event: 2396.914 GC heap after
Heap after GC invocations=14 (full 3):
 PSYoungGen      total 556032K, used 3456K [0x000000076cc00000, 0x000000079a780000, 0x00000007c0000000)
  eden space 502272K, 0% used [0x000000076cc00000,0x000000076cc00000,0x000000078b680000)
  from space 53760K, 6% used [0x000000078b680000,0x000000078b9e0200,0x000000078eb00000)
  to   space 54272K, 0% used [0x0000000797280000,0x0000000797280000,0x000000079a780000)
 ParOldGen       total 200704K, used 53130K [0x00000006c6400000, 0x00000006d2800000, 0x000000076cc00000)
  object space 200704K, 26% used [0x00000006c6400000,0x00000006c97e2848,0x00000006d2800000)
 Metaspace       used 64199K, capacity 65320K, committed 65664K, reserved 1105920K
  class space    used 8020K, capacity 8307K, committed 8320K, reserved 1048576K
}
Event: 4140.322 GC heap before
{Heap before GC invocations=15 (full 3):
 PSYoungGen      total 556032K, used 505728K [0x000000076cc00000, 0x000000079a780000, 0x00000007c0000000)
  eden space 502272K, 100% used [0x000000076cc00000,0x000000078b680000,0x000000078b680000)
  from space 53760K, 6% used [0x000000078b680000,0x000000078b9e0200,0x000000078eb00000)
  to   space 54272K, 0% used [0x0000000797280000,0x0000000797280000,0x000000079a780000)
 ParOldGen       total 200704K, used 53130K [0x00000006c6400000, 0x00000006d2800000, 0x000000076cc00000)
  object space 200704K, 26% used [0x00000006c6400000,0x00000006c97e2848,0x00000006d2800000)
 Metaspace       used 64359K, capacity 65442K, committed 65664K, reserved 1105920K
  class space    used 8025K, capacity 8316K, committed 8320K, reserved 1048576K
Event: 4140.331 GC heap after
Heap after GC invocations=15 (full 3):
 PSYoungGen      total 656896K, used 3584K [0x000000076cc00000, 0x0000000799480000, 0x00000007c0000000)
  eden space 622080K, 0% used [0x000000076cc00000,0x000000076cc00000,0x0000000792b80000)
  from space 34816K, 10% used [0x0000000797280000,0x00000007976002c0,0x0000000799480000)
  to   space 53760K, 0% used [0x0000000792b80000,0x0000000792b80000,0x0000000796000000)
 ParOldGen       total 200704K, used 53138K [0x00000006c6400000, 0x00000006d2800000, 0x000000076cc00000)
  object space 200704K, 26% used [0x00000006c6400000,0x00000006c97e4848,0x00000006d2800000)
 Metaspace       used 64359K, capacity 65442K, committed 65664K, reserved 1105920K
  class space    used 8025K, capacity 8316K, committed 8320K, reserved 1048576K
}

